2019-09-15 15:48:53.184  INFO 6712 --- [main] o.b.k.bootkafka.BootKafkaApplication     : Starting BootKafkaApplication on SKY-20190612WKQ with PID 6712 (D:\study\java\spring-learning\boot-kafka\target\classes started by Administrator in D:\study\java\spring-learning)
2019-09-15 15:48:53.186 DEBUG 6712 --- [main] o.b.k.bootkafka.BootKafkaApplication     : Running with Spring Boot v1.5.10.RELEASE, Spring v4.3.14.RELEASE
2019-09-15 15:48:53.187  INFO 6712 --- [main] o.b.k.bootkafka.BootKafkaApplication     : No active profile set, falling back to default profiles: default
2019-09-15 15:48:53.221  INFO 6712 --- [main] ationConfigEmbeddedWebApplicationContext : Refreshing org.springframework.boot.context.embedded.AnnotationConfigEmbeddedWebApplicationContext@6d167f58: startup date [Sun Sep 15 15:48:53 CST 2019]; root of context hierarchy
2019-09-15 15:48:53.773  INFO 6712 --- [main] trationDelegate$BeanPostProcessorChecker : Bean 'org.springframework.kafka.annotation.KafkaBootstrapConfiguration' of type [org.springframework.kafka.annotation.KafkaBootstrapConfiguration$$EnhancerBySpringCGLIB$$d2147818] is not eligible for getting processed by all BeanPostProcessors (for example: not eligible for auto-proxying)
2019-09-15 15:48:54.102  INFO 6712 --- [main] s.b.c.e.t.TomcatEmbeddedServletContainer : Tomcat initialized with port(s): 8080 (http)
2019-09-15 15:48:54.114  INFO 6712 --- [main] o.apache.catalina.core.StandardService   : Starting service [Tomcat]
2019-09-15 15:48:54.115  INFO 6712 --- [main] org.apache.catalina.core.StandardEngine  : Starting Servlet Engine: Apache Tomcat/8.5.27
2019-09-15 15:48:54.193  INFO 6712 --- [localhost-startStop-1] o.a.c.c.C.[Tomcat].[localhost].[/]       : Initializing Spring embedded WebApplicationContext
2019-09-15 15:48:54.194  INFO 6712 --- [localhost-startStop-1] o.s.web.context.ContextLoader            : Root WebApplicationContext: initialization completed in 975 ms
2019-09-15 15:48:54.324  INFO 6712 --- [localhost-startStop-1] o.s.b.w.servlet.ServletRegistrationBean  : Mapping servlet: 'dispatcherServlet' to [/]
2019-09-15 15:48:54.329  INFO 6712 --- [localhost-startStop-1] o.s.b.w.servlet.FilterRegistrationBean   : Mapping filter: 'characterEncodingFilter' to: [/*]
2019-09-15 15:48:54.329  INFO 6712 --- [localhost-startStop-1] o.s.b.w.servlet.FilterRegistrationBean   : Mapping filter: 'hiddenHttpMethodFilter' to: [/*]
2019-09-15 15:48:54.330  INFO 6712 --- [localhost-startStop-1] o.s.b.w.servlet.FilterRegistrationBean   : Mapping filter: 'httpPutFormContentFilter' to: [/*]
2019-09-15 15:48:54.330  INFO 6712 --- [localhost-startStop-1] o.s.b.w.servlet.FilterRegistrationBean   : Mapping filter: 'requestContextFilter' to: [/*]
2019-09-15 15:48:54.658  INFO 6712 --- [main] s.w.s.m.m.a.RequestMappingHandlerAdapter : Looking for @ControllerAdvice: org.springframework.boot.context.embedded.AnnotationConfigEmbeddedWebApplicationContext@6d167f58: startup date [Sun Sep 15 15:48:53 CST 2019]; root of context hierarchy
2019-09-15 15:48:54.708  INFO 6712 --- [main] s.w.s.m.m.a.RequestMappingHandlerMapping : Mapped "{[/msg/test],methods=[POST]}" onto public java.lang.String org.boot.kafka.bootkafka.controller.MsgController.test()
2019-09-15 15:48:54.709  INFO 6712 --- [main] s.w.s.m.m.a.RequestMappingHandlerMapping : Mapped "{[/msg/{content}]}" onto public java.lang.String org.boot.kafka.bootkafka.controller.MsgController.send(java.lang.String)
2019-09-15 15:48:54.711  INFO 6712 --- [main] s.w.s.m.m.a.RequestMappingHandlerMapping : Mapped "{[/error]}" onto public org.springframework.http.ResponseEntity<java.util.Map<java.lang.String, java.lang.Object>> org.springframework.boot.autoconfigure.web.BasicErrorController.error(javax.servlet.http.HttpServletRequest)
2019-09-15 15:48:54.711  INFO 6712 --- [main] s.w.s.m.m.a.RequestMappingHandlerMapping : Mapped "{[/error],produces=[text/html]}" onto public org.springframework.web.servlet.ModelAndView org.springframework.boot.autoconfigure.web.BasicErrorController.errorHtml(javax.servlet.http.HttpServletRequest,javax.servlet.http.HttpServletResponse)
2019-09-15 15:48:54.749  INFO 6712 --- [main] o.s.w.s.handler.SimpleUrlHandlerMapping  : Mapped URL path [/webjars/**] onto handler of type [class org.springframework.web.servlet.resource.ResourceHttpRequestHandler]
2019-09-15 15:48:54.749  INFO 6712 --- [main] o.s.w.s.handler.SimpleUrlHandlerMapping  : Mapped URL path [/**] onto handler of type [class org.springframework.web.servlet.resource.ResourceHttpRequestHandler]
2019-09-15 15:48:54.786  INFO 6712 --- [main] o.s.w.s.handler.SimpleUrlHandlerMapping  : Mapped URL path [/**/favicon.ico] onto handler of type [class org.springframework.web.servlet.resource.ResourceHttpRequestHandler]
2019-09-15 15:48:54.979  INFO 6712 --- [main] o.s.j.e.a.AnnotationMBeanExporter        : Registering beans for JMX exposure on startup
2019-09-15 15:48:54.995  INFO 6712 --- [main] o.s.c.support.DefaultLifecycleProcessor  : Starting beans in phase 0
2019-09-15 15:48:55.006  INFO 6712 --- [main] o.a.k.clients.consumer.ConsumerConfig    : ConsumerConfig values: 
	auto.commit.interval.ms = 5000
	auto.offset.reset = latest
	bootstrap.servers = [45.40.199.157:9092]
	check.crcs = true
	client.id = 
	connections.max.idle.ms = 540000
	enable.auto.commit = true
	exclude.internal.topics = true
	fetch.max.bytes = 52428800
	fetch.max.wait.ms = 500
	fetch.min.bytes = 1
	group.id = foo
	heartbeat.interval.ms = 3000
	interceptor.classes = null
	key.deserializer = class org.apache.kafka.common.serialization.StringDeserializer
	max.partition.fetch.bytes = 1048576
	max.poll.interval.ms = 300000
	max.poll.records = 500
	metadata.max.age.ms = 300000
	metric.reporters = []
	metrics.num.samples = 2
	metrics.recording.level = INFO
	metrics.sample.window.ms = 30000
	partition.assignment.strategy = [class org.apache.kafka.clients.consumer.RangeAssignor]
	receive.buffer.bytes = 65536
	reconnect.backoff.ms = 50
	request.timeout.ms = 305000
	retry.backoff.ms = 100
	sasl.jaas.config = null
	sasl.kerberos.kinit.cmd = /usr/bin/kinit
	sasl.kerberos.min.time.before.relogin = 60000
	sasl.kerberos.service.name = null
	sasl.kerberos.ticket.renew.jitter = 0.05
	sasl.kerberos.ticket.renew.window.factor = 0.8
	sasl.mechanism = GSSAPI
	security.protocol = PLAINTEXT
	send.buffer.bytes = 131072
	session.timeout.ms = 10000
	ssl.cipher.suites = null
	ssl.enabled.protocols = [TLSv1.2, TLSv1.1, TLSv1]
	ssl.endpoint.identification.algorithm = null
	ssl.key.password = null
	ssl.keymanager.algorithm = SunX509
	ssl.keystore.location = null
	ssl.keystore.password = null
	ssl.keystore.type = JKS
	ssl.protocol = TLS
	ssl.provider = null
	ssl.secure.random.implementation = null
	ssl.trustmanager.algorithm = PKIX
	ssl.truststore.location = null
	ssl.truststore.password = null
	ssl.truststore.type = JKS
	value.deserializer = class org.apache.kafka.common.serialization.StringDeserializer

2019-09-15 15:48:55.014  INFO 6712 --- [main] o.a.k.clients.consumer.ConsumerConfig    : ConsumerConfig values: 
	auto.commit.interval.ms = 5000
	auto.offset.reset = latest
	bootstrap.servers = [45.40.199.157:9092]
	check.crcs = true
	client.id = consumer-1
	connections.max.idle.ms = 540000
	enable.auto.commit = true
	exclude.internal.topics = true
	fetch.max.bytes = 52428800
	fetch.max.wait.ms = 500
	fetch.min.bytes = 1
	group.id = foo
	heartbeat.interval.ms = 3000
	interceptor.classes = null
	key.deserializer = class org.apache.kafka.common.serialization.StringDeserializer
	max.partition.fetch.bytes = 1048576
	max.poll.interval.ms = 300000
	max.poll.records = 500
	metadata.max.age.ms = 300000
	metric.reporters = []
	metrics.num.samples = 2
	metrics.recording.level = INFO
	metrics.sample.window.ms = 30000
	partition.assignment.strategy = [class org.apache.kafka.clients.consumer.RangeAssignor]
	receive.buffer.bytes = 65536
	reconnect.backoff.ms = 50
	request.timeout.ms = 305000
	retry.backoff.ms = 100
	sasl.jaas.config = null
	sasl.kerberos.kinit.cmd = /usr/bin/kinit
	sasl.kerberos.min.time.before.relogin = 60000
	sasl.kerberos.service.name = null
	sasl.kerberos.ticket.renew.jitter = 0.05
	sasl.kerberos.ticket.renew.window.factor = 0.8
	sasl.mechanism = GSSAPI
	security.protocol = PLAINTEXT
	send.buffer.bytes = 131072
	session.timeout.ms = 10000
	ssl.cipher.suites = null
	ssl.enabled.protocols = [TLSv1.2, TLSv1.1, TLSv1]
	ssl.endpoint.identification.algorithm = null
	ssl.key.password = null
	ssl.keymanager.algorithm = SunX509
	ssl.keystore.location = null
	ssl.keystore.password = null
	ssl.keystore.type = JKS
	ssl.protocol = TLS
	ssl.provider = null
	ssl.secure.random.implementation = null
	ssl.trustmanager.algorithm = PKIX
	ssl.truststore.location = null
	ssl.truststore.password = null
	ssl.truststore.type = JKS
	value.deserializer = class org.apache.kafka.common.serialization.StringDeserializer

2019-09-15 15:48:55.044  INFO 6712 --- [main] o.a.kafka.common.utils.AppInfoParser     : Kafka version : 0.10.2.0
2019-09-15 15:48:55.044  INFO 6712 --- [main] o.a.kafka.common.utils.AppInfoParser     : Kafka commitId : 576d93a8dc0cf421
2019-09-15 15:48:55.076  INFO 6712 --- [main] s.b.c.e.t.TomcatEmbeddedServletContainer : Tomcat started on port(s): 8080 (http)
2019-09-15 15:48:55.079  INFO 6712 --- [main] o.b.k.bootkafka.BootKafkaApplication     : Started BootKafkaApplication in 2.15 seconds (JVM running for 3.557)
2019-09-15 15:48:55.185  INFO 6712 --- [org.springframework.kafka.KafkaListenerEndpointContainer#0-0-C-1] o.a.k.c.c.internals.AbstractCoordinator  : Discovered coordinator 45.40.199.157:9092 (id: 2147483647 rack: null) for group foo.
2019-09-15 15:48:55.190  INFO 6712 --- [org.springframework.kafka.KafkaListenerEndpointContainer#0-0-C-1] o.a.k.c.c.internals.ConsumerCoordinator  : Revoking previously assigned partitions [] for group foo
2019-09-15 15:48:55.190  INFO 6712 --- [org.springframework.kafka.KafkaListenerEndpointContainer#0-0-C-1] o.s.k.l.KafkaMessageListenerContainer    : partitions revoked:[]
2019-09-15 15:48:55.191  INFO 6712 --- [org.springframework.kafka.KafkaListenerEndpointContainer#0-0-C-1] o.a.k.c.c.internals.AbstractCoordinator  : (Re-)joining group foo
2019-09-15 15:48:55.368  INFO 6712 --- [org.springframework.kafka.KafkaListenerEndpointContainer#0-0-C-1] o.a.k.c.c.internals.AbstractCoordinator  : Successfully joined group foo with generation 1
2019-09-15 15:48:55.368  INFO 6712 --- [org.springframework.kafka.KafkaListenerEndpointContainer#0-0-C-1] o.a.k.c.c.internals.ConsumerCoordinator  : Setting newly assigned partitions [myKafka-0] for group foo
2019-09-15 15:48:55.369  INFO 6712 --- [org.springframework.kafka.KafkaListenerEndpointContainer#0-0-C-1] o.s.k.l.KafkaMessageListenerContainer    : partitions assigned:[myKafka-0]
2019-09-15 15:50:19.568  INFO 6712 --- [http-nio-8080-exec-1] o.a.c.c.C.[Tomcat].[localhost].[/]       : Initializing Spring FrameworkServlet 'dispatcherServlet'
2019-09-15 15:50:19.568  INFO 6712 --- [http-nio-8080-exec-1] o.s.web.servlet.DispatcherServlet        : FrameworkServlet 'dispatcherServlet': initialization started
2019-09-15 15:50:19.591  INFO 6712 --- [http-nio-8080-exec-1] o.s.web.servlet.DispatcherServlet        : FrameworkServlet 'dispatcherServlet': initialization completed in 23 ms
2019-09-15 15:50:19.660  INFO 6712 --- [http-nio-8080-exec-1] o.b.k.b.s.impl.KafkaProviderServiceImpl  : 开始发送消息...
2019-09-15 15:50:19.663  INFO 6712 --- [http-nio-8080-exec-1] o.a.k.clients.producer.ProducerConfig    : ProducerConfig values: 
	acks = 1
	batch.size = 16384
	block.on.buffer.full = false
	bootstrap.servers = [45.40.199.157:9092]
	buffer.memory = 33554432
	client.id = 
	compression.type = none
	connections.max.idle.ms = 540000
	interceptor.classes = null
	key.serializer = class org.apache.kafka.common.serialization.StringSerializer
	linger.ms = 0
	max.block.ms = 60000
	max.in.flight.requests.per.connection = 5
	max.request.size = 1048576
	metadata.fetch.timeout.ms = 60000
	metadata.max.age.ms = 300000
	metric.reporters = []
	metrics.num.samples = 2
	metrics.sample.window.ms = 30000
	partitioner.class = class org.apache.kafka.clients.producer.internals.DefaultPartitioner
	receive.buffer.bytes = 32768
	reconnect.backoff.ms = 50
	request.timeout.ms = 30000
	retries = 0
	retry.backoff.ms = 100
	sasl.jaas.config = null
	sasl.kerberos.kinit.cmd = /usr/bin/kinit
	sasl.kerberos.min.time.before.relogin = 60000
	sasl.kerberos.service.name = null
	sasl.kerberos.ticket.renew.jitter = 0.05
	sasl.kerberos.ticket.renew.window.factor = 0.8
	sasl.mechanism = GSSAPI
	security.protocol = PLAINTEXT
	send.buffer.bytes = 131072
	ssl.cipher.suites = null
	ssl.enabled.protocols = [TLSv1.2, TLSv1.1, TLSv1]
	ssl.endpoint.identification.algorithm = null
	ssl.key.password = null
	ssl.keymanager.algorithm = SunX509
	ssl.keystore.location = null
	ssl.keystore.password = null
	ssl.keystore.type = JKS
	ssl.protocol = TLS
	ssl.provider = null
	ssl.secure.random.implementation = null
	ssl.trustmanager.algorithm = PKIX
	ssl.truststore.location = null
	ssl.truststore.password = null
	ssl.truststore.type = JKS
	timeout.ms = 30000
	value.serializer = class org.apache.kafka.common.serialization.StringSerializer

2019-09-15 15:50:19.675  INFO 6712 --- [http-nio-8080-exec-1] o.a.kafka.common.utils.AppInfoParser     : Kafka version : 0.10.2.0
2019-09-15 15:50:19.675  INFO 6712 --- [http-nio-8080-exec-1] o.a.kafka.common.utils.AppInfoParser     : Kafka commitId : 576d93a8dc0cf421
2019-09-15 15:50:19.780  INFO 6712 --- [http-nio-8080-exec-1] o.b.k.b.s.impl.KafkaProviderServiceImpl  : 消息发送完成
2019-09-15 15:50:19.780  INFO 6712 --- [http-nio-8080-exec-1] o.b.k.b.s.impl.KafkaProviderServiceImpl  : ---------------------------------
2019-09-15 15:50:19.882  INFO 6712 --- [org.springframework.kafka.KafkaListenerEndpointContainer#0-0-C-1] o.b.k.b.s.impl.KafkaConsumerService      : 收到一条消息...
2019-09-15 15:50:19.882  INFO 6712 --- [org.springframework.kafka.KafkaListenerEndpointContainer#0-0-C-1] o.b.k.b.s.impl.KafkaConsumerService      : myKafka : content
2019-09-15 15:50:19.882  INFO 6712 --- [org.springframework.kafka.KafkaListenerEndpointContainer#0-0-C-1] o.b.k.b.s.impl.KafkaConsumerService      : ---------------------------------
2019-09-15 15:52:12.821  INFO 6712 --- [http-nio-8080-exec-5] o.b.k.b.s.impl.KafkaProviderServiceImpl  : 开始发送消息...
2019-09-15 15:52:12.823  INFO 6712 --- [http-nio-8080-exec-5] o.b.k.b.s.impl.KafkaProviderServiceImpl  : 消息发送完成
2019-09-15 15:52:12.823  INFO 6712 --- [http-nio-8080-exec-5] o.b.k.b.s.impl.KafkaProviderServiceImpl  : ---------------------------------
2019-09-15 15:52:12.873  INFO 6712 --- [org.springframework.kafka.KafkaListenerEndpointContainer#0-0-C-1] o.b.k.b.s.impl.KafkaConsumerService      : 收到一条消息...
2019-09-15 15:52:19.565  INFO 6712 --- [org.springframework.kafka.KafkaListenerEndpointContainer#0-0-C-1] o.b.k.b.s.impl.KafkaConsumerService      : myKafka : gggg
2019-09-15 15:52:19.566  INFO 6712 --- [org.springframework.kafka.KafkaListenerEndpointContainer#0-0-C-1] o.b.k.b.s.impl.KafkaConsumerService      : ---------------------------------
